<?xml version="1.0" encoding="UTF-8"?>
<!-- Generated by org.testng.reporters.JUnitReportReporter -->
<testsuite hostname="USENARIFS3L2C" failures="0" tests="3" name="com.qa.hubspot.tests.LoginPageTest" time="11.994" errors="0" timestamp="05 Jul 2020 14:27:47 GMT" skipped="0">
  <testcase classname="com.qa.hubspot.tests.LoginPageTest" name="verifySignUpLink" time="7.483"/>
  <testcase classname="com.qa.hubspot.tests.LoginPageTest" name="verifyLoginpageTitleTest" time="0.077"/>
  <testcase classname="com.qa.hubspot.tests.LoginPageTest" name="LoginPageTest1" time="4.434"/>
</testsuite> <!-- com.qa.hubspot.tests.LoginPageTest -->
