<?xml version="1.0" encoding="UTF-8"?>
<!-- Generated by org.testng.reporters.JUnitReportReporter -->
<testsuite hostname="USENARIFS3L2C" failures="0" tests="3" name="com.qa.hubspot.tests.LoginPageTest" time="9.434" errors="0" timestamp="27 May 2020 19:41:11 GMT" skipped="0">
  <testcase classname="com.qa.hubspot.tests.LoginPageTest" name="verifyLoginpageTitleTest" time="0.052"/>
  <testcase classname="com.qa.hubspot.tests.LoginPageTest" name="LoginPageTest1" time="9.144"/>
  <testcase classname="com.qa.hubspot.tests.LoginPageTest" name="verifySingUpLink" time="0.238"/>
</testsuite> <!-- com.qa.hubspot.tests.LoginPageTest -->
