<?xml version="1.0" encoding="UTF-8"?>
<!-- Generated by org.testng.reporters.JUnitReportReporter -->
<testsuite hostname="USENARIFS3L2C" failures="0" tests="3" name="com.qa.hubspot.tests.HomePageTest" time="16.584" errors="0" timestamp="19 Jun 2020 15:16:35 GMT" skipped="0">
  <testcase classname="com.qa.hubspot.tests.HomePageTest" name="veirfyHomePageTitle" time="7.015"/>
  <testcase classname="com.qa.hubspot.tests.HomePageTest" name="verifyHomePageHeader" time="7.228"/>
  <testcase classname="com.qa.hubspot.tests.HomePageTest" name="verifyLoggedUserTest" time="2.341"/>
</testsuite> <!-- com.qa.hubspot.tests.HomePageTest -->
