<?xml version="1.0" encoding="UTF-8"?>
<!-- Generated by org.testng.reporters.JUnitReportReporter -->
<testsuite hostname="USENARIFS3L2C" failures="0" tests="3" name="com.qa.hubspot.tests.HomePageTest" time="12.143" errors="0" timestamp="27 May 2020 19:41:11 GMT" skipped="0">
  <testcase classname="com.qa.hubspot.tests.HomePageTest" name="veirfyHomePageTitle" time="7.016"/>
  <testcase classname="com.qa.hubspot.tests.HomePageTest" name="verifyHomePageHeader" time="5.065"/>
  <testcase classname="com.qa.hubspot.tests.HomePageTest" name="verifyLoggedUserTest" time="0.062"/>
</testsuite> <!-- com.qa.hubspot.tests.HomePageTest -->
